TN:
SF:c:\Users\MMackay\source\repos\WebDev\javascript\ball.js
FN:2,baseExample
FN:5,(anonymous_1)
FN:17,moveAt
FN:22,onMouseMove
FN:30,(anonymous_4)
FN:37,(anonymous_5)
FNF:6
FNH:0
FNDA:0,baseExample
FNDA:0,(anonymous_1)
FNDA:0,moveAt
FNDA:0,onMouseMove
FNDA:0,(anonymous_4)
FNDA:0,(anonymous_5)
DA:3,0
DA:5,0
DA:7,0
DA:8,0
DA:10,0
DA:11,0
DA:12,0
DA:14,0
DA:18,0
DA:19,0
DA:23,0
DA:27,0
DA:30,0
DA:31,0
DA:32,0
DA:37,0
DA:38,0
LF:17
LH:0
BRF:0
BRH:0
end_of_record
TN:
SF:c:\Users\MMackay\source\repos\WebDev\javascript\examples.js
FN:3,sleep
FN:4,(anonymous_1)
FN:7,generatePi
FN:19,displayPi
FN:23,scrollingPictures
FNF:5
FNH:0
FNDA:0,sleep
FNDA:0,(anonymous_1)
FNDA:0,generatePi
FNDA:0,displayPi
FNDA:0,scrollingPictures
DA:4,0
DA:8,0
DA:9,0
DA:10,0
DA:11,0
DA:12,0
DA:13,0
DA:14,0
DA:16,0
DA:20,0
DA:24,0
DA:25,0
DA:26,0
DA:27,0
DA:28,0
DA:29,0
DA:30,0
DA:31,0
DA:32,0
DA:33,0
DA:34,0
DA:35,0
DA:36,0
DA:38,0
LF:24
LH:0
BRDA:13,0,0,0
BRDA:13,0,1,0
BRDA:36,1,0,0
BRDA:36,1,1,0
BRF:4
BRH:0
end_of_record
